<?xml version="1.0" encoding="UTF-8"?>
<!-- Generated by org.testng.reporters.JUnitXMLReporter -->
<testsuite ignored="0" hostname="Monals-MacBook-Pro.local" failures="0" tests="5" name="Test" time="21.93" errors="0" timestamp="2022-01-21T16:30:17 PST">
  <testcase classname="Academy.AppTest" name="testApp" time="0.005"/>
  <testcase classname="Academy.ValidateNavigationBar" name="basePageNavigation" time="0.131"/>
  <testcase classname="Academy.ValidateTitle" name="basePageNavigation" time="0.023"/>
  <testcase classname="Academy.HomePage" name="basePageNavigation" time="6.201"/>
  <testcase classname="Academy.HomePage" name="basePageNavigation" time="1.88"/>
</testsuite> <!-- Test -->
