<?xml version="1.0" encoding="UTF-8"?>
<testsuite xmlns:xsi="http://www.w3.org/2001/XMLSchema-instance" xsi:noNamespaceSchemaLocation="https://maven.apache.org/surefire/maven-surefire-plugin/xsd/surefire-test-report-3.0.xsd" version="3.0" name="TestSuite" time="13.414" tests="5" errors="0" skipped="0" failures="1">
  <properties>
[...]
</properties>
  <testcase name="validateNavigationBar" classname="Academy.ValidateNavigationBar" time="0.072">
    <system-out><![CDATA[BN: chrome
BN: chrome
BN: chrome
Browser is: chrome
Browser is: chrome
Browser is: chrome
Trying to identify navigation bar
]]></system-out>
    <system-err><![CDATA[StartSitnagr tiCSnhgtr aCohrmreotmDiernDirgvi evCreh rr9 8o9.m80e..D04r.7i45v78e5.r88. 089 08( .7(0f7.0f440784858e888e.8bb8aa000 dd8(e8701fe9018470c81689e3812b5a8a017d8c6e6c0321929d519a8b1767ccf642399285d9a-91r6bec7f2f9s4d99/b87bfr94-a9nr8ec9fh--sr/ehbfrsae/anbrcdashn-/ch4he7-a5h8de@sa{/d#4s9/747275}58)8@ @{o{#n#9 977p22}o})r) t o on5 n5p 9op4ro2tr 
tO 5n6l65863y6
 Ol9no3cl
aOyln  llcyoo nclnaeoclct aicloo nncsno enacrnteei coatnlislo noasw reae adl.rl
eoP lwaeeladsl.eo
 wPseelde.e 
ahPstlteep ass:se/e /es chethert ophmtetsdpr:si/:v//er/c.cchhhrrrooomimmueemdd.rroiirvvgee/rrs..eccchhurrrooimmtiiyuum-.mco.rogor/gsn/esscieudcreiutrrya-itctioyon-sncoisnd esfriaotdrie ornsastu igfoognres ss tufigoogrne ss suotgn igkoeeesptinnigso  nCohsrn o mokenDe reikvpeeiren spgaif neC.gh
 rCoChmhrreooDmmreeDirviDevrerir  vwseaasrf e s.st
aarfCteherdo .smu
cecesDCsrfhuilrlvoy.em
reD rwiavse rs twaarst esdt asructceeds ssfuuclcleys.s
fully.
Feb 08, 2022 5:59:42 PM org.openqa.selenium.remote.ProtocolHandshake createSession
INFO: Detected dialect: W3C
Feb 08, 2022 5:59:42 PM org.openqa.selenium.remote.ProtocolHandshake createSession
INFO: Detected dialect: W3C
Feb 08, 2022 5:59:42 PM org.openqa.selenium.remote.ProtocolHandshake createSession
INFO: Detected dialect: W3C
Feb 08, 2022 5:59:42 PM org.openqa.selenium.devtools.CdpVersionFinder findNearestMatch
WARNING: Unable to find an exact match for CDP version 98, so returning the closest version found: 96
Feb 08, 2022 5:59:42 PM org.openqa.selenium.devtools.CdpVersionFinder findNearestMatch
WARNING: Unable to find an exact match for CDP version 98, so returning the closest version found: 96
Feb 08, 2022 5:59:42 PM org.openqa.selenium.devtools.CdpVersionFinder findNearestMatch
WARNING: Unable to find an exact match for CDP version 98, so returning the closest version found: 96
Feb 08, 2022 5:59:42 PM org.openqa.selenium.devtools.CdpVersionFinder findNearestMatch
INFO: Found CDP implementation for version 98 of 96
Feb 08, 2022 5:59:42 PM org.openqa.selenium.devtools.CdpVersionFinder findNearestMatch
INFO: Found CDP implementation for version 98 of 96
Feb 08, 2022 5:59:42 PM org.openqa.selenium.devtools.CdpVersionFinder findNearestMatch
INFO: Found CDP implementation for version 98 of 96
]]></system-err>
  </testcase>
  <testcase name="validateAppTitle" classname="Academy.ValidateTitle" time="0.522">
    <failure message="expected:&lt;FEATURED COURSES&gt; but was:&lt;FEATURED C12562OURSES&gt;" type="java.lang.AssertionError"><![CDATA[java.lang.AssertionError: expected:<FEATURED COURSES> but was:<FEATURED C12562OURSES>
	at Academy.ValidateTitle.validateAppTitle(ValidateTitle.java:46)
]]></failure>
  </testcase>
  <testcase name="validateHeader" classname="Academy.ValidateTitle" time="0.024"/>
  <testcase name="basePageNavigation[nonrestricteduser@qw.com, 123456, Restricted User](1)" classname="Academy.HomePage" time="2.076"/>
  <testcase name="basePageNavigation[restricteduser@qw.com, 456788, Non restricted User](2)" classname="Academy.HomePage" time="2.222"/>
</testsuite>