-------------------------------------------------------------------------------
Test set: TestSuite
-------------------------------------------------------------------------------
Tests run: 5, Failures: 1, Errors: 0, Skipped: 0, Time elapsed: 13.414 s <<< FAILURE! - in TestSuite
Academy.ValidateTitle.validateAppTitle  Time elapsed: 0.522 s  <<< FAILURE!
java.lang.AssertionError: expected:<FEATURED COURSES> but was:<FEATURED C12562OURSES>
	at Academy.ValidateTitle.validateAppTitle(ValidateTitle.java:46)

